2024-07-06 17:19:35,380 [Worker-6: Loading available Gradle versions] INFO  o.e.b.c.i.u.g.PublishedGradleVersions - Gradle version information cache is out-of-date. Trying to update.
2024-07-07 06:54:02,925 [Worker-4: Loading available Gradle versions] INFO  o.e.b.c.i.u.g.PublishedGradleVersions - Gradle version information cache is up-to-date. Trying to read.
2024-07-12 16:00:23,566 [Worker-1: Loading available Gradle versions] INFO  o.e.b.c.i.u.g.PublishedGradleVersions - Gradle version information cache is out-of-date. Trying to update.
2024-07-12 16:01:40,712 [Worker-1: Loading available Gradle versions] INFO  o.e.b.c.i.u.g.PublishedGradleVersions - Gradle version information cache is up-to-date. Trying to read.
2024-09-14 18:23:26,609 [Worker-2: Loading available Gradle versions] INFO  o.e.b.c.i.u.g.PublishedGradleVersions - Gradle version information cache is out-of-date. Trying to update.
2024-09-14 18:31:50,243 [Worker-4: Loading available Gradle versions] INFO  o.e.b.c.i.u.g.PublishedGradleVersions - Gradle version information cache is up-to-date. Trying to read.
2024-09-14 19:32:21,287 [Worker-5: Loading available Gradle versions] INFO  o.e.b.c.i.u.g.PublishedGradleVersions - Gradle version information cache is up-to-date. Trying to read.
2024-09-14 19:32:51,319 [Worker-5: Updating Maven Dependencies] INFO  o.e.m.c.i.l.LifecycleMappingFactory - Using org.eclipse.m2e.jdt.JarLifecycleMapping lifecycle mapping for MavenProject: com.his:his-server:0.0.1-SNAPSHOT @ C:\Users\123\Desktop\his-server1 - 副本\pom.xml.
2024-09-14 19:32:51,319 [Worker-0: Building workspace] INFO  o.e.m.c.i.l.LifecycleMappingFactory - Using org.eclipse.m2e.jdt.JarLifecycleMapping lifecycle mapping for MavenProject: com.his:his-server:0.0.1-SNAPSHOT @ C:\Users\123\Desktop\his-server1 - 副本\pom.xml.
2024-09-14 19:32:51,916 [Worker-0: Building workspace] WARN  o.e.m.c.i.embedder.EclipseLogger - The artifact org.slf4j:slf4j-log4j12:jar:1.7.36 has been relocated to org.slf4j:slf4j-reload4j:jar:1.7.36
2024-09-14 19:32:51,917 [Worker-5: Updating Maven Dependencies] WARN  o.e.m.c.i.embedder.EclipseLogger - The artifact org.slf4j:slf4j-log4j12:jar:1.7.36 has been relocated to org.slf4j:slf4j-reload4j:jar:1.7.36
2024-09-14 19:32:55,422 [Worker-7: Check for devtools] WARN  o.e.m.c.i.embedder.EclipseLogger - The artifact org.slf4j:slf4j-log4j12:jar:1.7.36 has been relocated to org.slf4j:slf4j-reload4j:jar:1.7.36
2024-09-14 19:32:56,247 [Worker-0: Building workspace] INFO  o.e.m.c.i.embedder.EclipseLogger - Using 'UTF-8' encoding to copy filtered resources.
2024-09-14 19:32:56,247 [Worker-0: Building workspace] INFO  o.e.m.c.i.embedder.EclipseLogger - Using 'UTF-8' encoding to copy filtered properties files.
2024-09-14 19:32:56,251 [Worker-0: Building workspace] INFO  o.e.m.c.i.embedder.EclipseLogger - Copying 1 resource
2024-09-14 19:32:56,264 [Worker-0: Building workspace] INFO  o.e.m.c.i.embedder.EclipseLogger - Copying 2 resources
2024-09-14 19:32:56,273 [Worker-0: Building workspace] INFO  o.e.m.c.i.embedder.EclipseLogger - Using 'UTF-8' encoding to copy filtered resources.
2024-09-14 19:32:56,273 [Worker-0: Building workspace] INFO  o.e.m.c.i.embedder.EclipseLogger - Using 'UTF-8' encoding to copy filtered properties files.
2024-09-14 19:32:56,273 [Worker-0: Building workspace] INFO  o.e.m.c.i.embedder.EclipseLogger - skip non existing resourceDirectory C:\Users\123\Desktop\his-server1 - 副本\src\test\resources
2024-09-14 19:32:56,514 [Worker-8: Download sources and javadoc] INFO  o.e.m.c.i.e.AbstractTransferListenerAdapter - Downloading https://repo.maven.apache.org/maven2/org/reactivestreams/reactive-streams/1.0.4/reactive-streams-1.0.4-sources.jar
2024-09-14 19:32:56,695 [Worker-8: Download sources and javadoc] INFO  o.e.m.c.i.e.AbstractTransferListenerAdapter - Downloaded https://repo.maven.apache.org/maven2/org/reactivestreams/reactive-streams/1.0.4/reactive-streams-1.0.4-sources.jar
2024-09-14 19:32:56,791 [Worker-8: Download sources and javadoc] INFO  o.e.m.j.internal.DownloadSourcesJob - Downloaded sources for org.reactivestreams:reactive-streams:1.0.4
2024-09-14 19:32:58,043 [Worker-6: Updating Maven Dependencies] INFO  o.e.m.c.i.l.LifecycleMappingFactory - Using org.eclipse.m2e.jdt.JarLifecycleMapping lifecycle mapping for MavenProject: com.his:his-server:0.0.1-SNAPSHOT @ C:\Users\123\Desktop\his-server1 - 副本\pom.xml.
2024-09-14 19:32:58,511 [Worker-6: Updating Maven Dependencies] WARN  o.e.m.c.i.embedder.EclipseLogger - The artifact org.slf4j:slf4j-log4j12:jar:1.7.36 has been relocated to org.slf4j:slf4j-reload4j:jar:1.7.36
2024-09-14 19:32:58,603 [Worker-2: Building workspace] WARN  o.e.m.c.i.embedder.EclipseLogger - The artifact org.slf4j:slf4j-log4j12:jar:1.7.36 has been relocated to org.slf4j:slf4j-reload4j:jar:1.7.36
2024-09-14 19:32:58,790 [Worker-2: Building workspace] INFO  o.e.m.c.i.embedder.EclipseLogger - Using 'UTF-8' encoding to copy filtered resources.
2024-09-14 19:32:58,790 [Worker-2: Building workspace] INFO  o.e.m.c.i.embedder.EclipseLogger - Using 'UTF-8' encoding to copy filtered properties files.
2024-09-14 19:32:58,794 [Worker-2: Building workspace] INFO  o.e.m.c.i.embedder.EclipseLogger - Copying 1 resource
2024-09-14 19:32:58,806 [Worker-2: Building workspace] INFO  o.e.m.c.i.embedder.EclipseLogger - Copying 2 resources
2024-09-14 19:32:58,813 [Worker-2: Building workspace] INFO  o.e.m.c.i.embedder.EclipseLogger - Using 'UTF-8' encoding to copy filtered resources.
2024-09-14 19:32:58,814 [Worker-2: Building workspace] INFO  o.e.m.c.i.embedder.EclipseLogger - Using 'UTF-8' encoding to copy filtered properties files.
2024-09-14 19:32:58,814 [Worker-2: Building workspace] INFO  o.e.m.c.i.embedder.EclipseLogger - skip non existing resourceDirectory C:\Users\123\Desktop\his-server1 - 副本\src\test\resources
2024-09-14 19:33:00,415 [Worker-6: Building workspace] WARN  o.e.m.c.i.embedder.EclipseLogger - The artifact org.slf4j:slf4j-log4j12:jar:1.7.36 has been relocated to org.slf4j:slf4j-reload4j:jar:1.7.36
2024-09-14 19:33:00,447 [Worker-6: Building workspace] INFO  o.e.m.c.i.embedder.EclipseLogger - Using 'UTF-8' encoding to copy filtered resources.
2024-09-14 19:33:00,447 [Worker-6: Building workspace] INFO  o.e.m.c.i.embedder.EclipseLogger - Using 'UTF-8' encoding to copy filtered properties files.
2024-09-14 19:33:00,448 [Worker-6: Building workspace] INFO  o.e.m.c.i.embedder.EclipseLogger - Copying 1 resource
2024-09-14 19:33:00,455 [Worker-6: Building workspace] INFO  o.e.m.c.i.embedder.EclipseLogger - Copying 2 resources
2024-09-14 19:33:00,458 [Worker-6: Building workspace] INFO  o.e.m.c.i.embedder.EclipseLogger - Using 'UTF-8' encoding to copy filtered resources.
2024-09-14 19:33:00,458 [Worker-6: Building workspace] INFO  o.e.m.c.i.embedder.EclipseLogger - Using 'UTF-8' encoding to copy filtered properties files.
2024-09-14 19:33:00,458 [Worker-6: Building workspace] INFO  o.e.m.c.i.embedder.EclipseLogger - skip non existing resourceDirectory C:\Users\123\Desktop\his-server1 - 副本\src\test\resources
2024-09-15 06:12:33,789 [Worker-0: Loading available Gradle versions] INFO  o.e.b.c.i.u.g.PublishedGradleVersions - Gradle version information cache is up-to-date. Trying to read.
2024-09-15 06:12:56,795 [Worker-6: Launching his-server - HisServerApplication] WARN  o.e.m.c.i.embedder.EclipseLogger - The artifact org.slf4j:slf4j-log4j12:jar:1.7.36 has been relocated to org.slf4j:slf4j-reload4j:jar:1.7.36
2024-09-15 06:15:53,649 [Worker-6: Building workspace] INFO  o.e.m.c.i.embedder.EclipseLogger - Using 'UTF-8' encoding to copy filtered resources.
2024-09-15 06:15:53,650 [Worker-6: Building workspace] INFO  o.e.m.c.i.embedder.EclipseLogger - Using 'UTF-8' encoding to copy filtered properties files.
2024-09-15 06:15:53,656 [Worker-6: Building workspace] INFO  o.e.m.c.i.embedder.EclipseLogger - Copying 1 resource
2024-09-15 06:15:53,674 [Worker-6: Building workspace] INFO  o.e.m.c.i.embedder.EclipseLogger - Copying 2 resources
2024-09-15 06:15:53,678 [Worker-6: Building workspace] INFO  o.e.m.c.i.embedder.EclipseLogger - Using 'UTF-8' encoding to copy filtered resources.
2024-09-15 06:15:53,678 [Worker-6: Building workspace] INFO  o.e.m.c.i.embedder.EclipseLogger - Using 'UTF-8' encoding to copy filtered properties files.
2024-09-15 06:15:53,678 [Worker-6: Building workspace] INFO  o.e.m.c.i.embedder.EclipseLogger - skip non existing resourceDirectory C:\Users\123\Desktop\his-server1 - 副本\src\test\resources
2024-09-15 06:21:06,227 [Worker-12: Updating Maven Project] INFO  o.e.m.c.i.p.ProjectConfigurationManager - Update started
2024-09-15 06:21:09,993 [Worker-12: Updating Maven Project] INFO  o.e.m.c.i.l.LifecycleMappingFactory - Using org.eclipse.m2e.jdt.JarLifecycleMapping lifecycle mapping for MavenProject: com.his:his-server:0.0.1-SNAPSHOT @ C:\Users\123\Desktop\his-server1 - 副本\pom.xml.
2024-09-15 06:21:12,331 [Worker-12: Updating Maven Project] WARN  o.e.m.c.i.embedder.EclipseLogger - The artifact org.slf4j:slf4j-log4j12:jar:1.7.36 has been relocated to org.slf4j:slf4j-reload4j:jar:1.7.36
2024-09-15 06:21:17,144 [Worker-12: Updating Maven Project] INFO  o.e.m.j.i.AbstractJavaProjectConfigurator - Adding source folder /his-server/src/main/java
2024-09-15 06:21:17,145 [Worker-12: Updating Maven Project] INFO  o.e.m.j.i.AbstractJavaProjectConfigurator - Adding resource folder /his-server/src/main/resources
2024-09-15 06:21:17,145 [Worker-12: Updating Maven Project] INFO  o.e.m.j.i.AbstractJavaProjectConfigurator - Adding resource folder /his-server/src/main/resources
2024-09-15 06:21:17,145 [Worker-12: Updating Maven Project] INFO  o.e.m.j.i.AbstractJavaProjectConfigurator - Adding source folder /his-server/src/test/java
2024-09-15 06:21:17,910 [Worker-12: Updating Maven Project] INFO  o.e.m.c.i.p.ProjectConfigurationManager - Update completed: 11 sec
2024-09-15 06:21:20,033 [Worker-3: Building workspace] WARN  o.e.m.c.i.embedder.EclipseLogger - The artifact org.slf4j:slf4j-log4j12:jar:1.7.36 has been relocated to org.slf4j:slf4j-reload4j:jar:1.7.36
2024-09-15 06:21:20,080 [Worker-3: Building workspace] INFO  o.e.m.c.i.embedder.EclipseLogger - Using 'UTF-8' encoding to copy filtered resources.
2024-09-15 06:21:20,081 [Worker-3: Building workspace] INFO  o.e.m.c.i.embedder.EclipseLogger - Using 'UTF-8' encoding to copy filtered properties files.
2024-09-15 06:21:20,081 [Worker-3: Building workspace] INFO  o.e.m.c.i.embedder.EclipseLogger - Copying 1 resource
2024-09-15 06:21:20,104 [Worker-3: Building workspace] INFO  o.e.m.c.i.embedder.EclipseLogger - Copying 2 resources
2024-09-15 06:21:20,122 [Worker-3: Building workspace] INFO  o.e.m.c.i.embedder.EclipseLogger - Using 'UTF-8' encoding to copy filtered resources.
2024-09-15 06:21:20,123 [Worker-3: Building workspace] INFO  o.e.m.c.i.embedder.EclipseLogger - Using 'UTF-8' encoding to copy filtered properties files.
2024-09-15 06:21:20,123 [Worker-3: Building workspace] INFO  o.e.m.c.i.embedder.EclipseLogger - skip non existing resourceDirectory C:\Users\123\Desktop\his-server1 - 副本\src\test\resources
2024-09-15 06:23:48,894 [Worker-6: Building workspace] INFO  o.e.m.c.i.l.LifecycleMappingFactory - Using org.eclipse.m2e.jdt.JarLifecycleMapping lifecycle mapping for MavenProject: com.his:his-server:0.0.1-SNAPSHOT @ C:\Users\123\Desktop\his-server1 - 副本\pom.xml.
2024-09-15 06:23:49,193 [Worker-6: Building workspace] WARN  o.e.m.c.i.embedder.EclipseLogger - The artifact org.slf4j:slf4j-log4j12:jar:1.7.36 has been relocated to org.slf4j:slf4j-reload4j:jar:1.7.36
2024-09-15 06:23:49,741 [Worker-6: Building workspace] INFO  o.e.m.c.i.embedder.EclipseLogger - Using 'UTF-8' encoding to copy filtered resources.
2024-09-15 06:23:49,741 [Worker-6: Building workspace] INFO  o.e.m.c.i.embedder.EclipseLogger - Using 'UTF-8' encoding to copy filtered properties files.
2024-09-15 06:23:49,743 [Worker-6: Building workspace] INFO  o.e.m.c.i.embedder.EclipseLogger - Copying 0 resource
2024-09-15 06:23:49,744 [Worker-6: Building workspace] INFO  o.e.m.c.i.embedder.EclipseLogger - Copying 0 resource
2024-09-15 06:23:49,745 [Worker-6: Building workspace] INFO  o.e.m.c.i.embedder.EclipseLogger - Using 'UTF-8' encoding to copy filtered resources.
2024-09-15 06:23:49,745 [Worker-6: Building workspace] INFO  o.e.m.c.i.embedder.EclipseLogger - Using 'UTF-8' encoding to copy filtered properties files.
2024-09-15 06:23:49,745 [Worker-6: Building workspace] INFO  o.e.m.c.i.embedder.EclipseLogger - skip non existing resourceDirectory C:\Users\123\Desktop\his-server1 - 副本\src\test\resources
2024-09-15 06:23:57,383 [Worker-13: Launching his-server - HisServerApplication] WARN  o.e.m.c.i.embedder.EclipseLogger - The artifact org.slf4j:slf4j-log4j12:jar:1.7.36 has been relocated to org.slf4j:slf4j-reload4j:jar:1.7.36
2024-09-15 06:32:49,352 [Worker-4: Building workspace] INFO  o.e.m.c.i.embedder.EclipseLogger - Using 'UTF-8' encoding to copy filtered resources.
2024-09-15 06:32:49,352 [Worker-4: Building workspace] INFO  o.e.m.c.i.embedder.EclipseLogger - Using 'UTF-8' encoding to copy filtered properties files.
2024-09-15 06:32:49,352 [Worker-4: Building workspace] INFO  o.e.m.c.i.embedder.EclipseLogger - Copying 1 resource
2024-09-15 06:32:49,367 [Worker-4: Building workspace] INFO  o.e.m.c.i.embedder.EclipseLogger - Copying 2 resources
2024-09-15 06:32:49,367 [Worker-4: Building workspace] INFO  o.e.m.c.i.embedder.EclipseLogger - Using 'UTF-8' encoding to copy filtered resources.
2024-09-15 06:32:49,367 [Worker-4: Building workspace] INFO  o.e.m.c.i.embedder.EclipseLogger - Using 'UTF-8' encoding to copy filtered properties files.
2024-09-15 06:32:49,367 [Worker-4: Building workspace] INFO  o.e.m.c.i.embedder.EclipseLogger - skip non existing resourceDirectory C:\Users\123\Desktop\his-server1 - 副本\src\test\resources
2024-09-15 06:33:03,337 [Worker-4: Building workspace] INFO  o.e.m.c.i.embedder.EclipseLogger - Using 'UTF-8' encoding to copy filtered resources.
2024-09-15 06:33:03,337 [Worker-4: Building workspace] INFO  o.e.m.c.i.embedder.EclipseLogger - Using 'UTF-8' encoding to copy filtered properties files.
2024-09-15 06:33:03,352 [Worker-4: Building workspace] INFO  o.e.m.c.i.embedder.EclipseLogger - Copying 1 resource
2024-09-15 06:33:03,352 [Worker-4: Building workspace] INFO  o.e.m.c.i.embedder.EclipseLogger - Copying 2 resources
2024-09-15 06:33:03,352 [Worker-4: Building workspace] INFO  o.e.m.c.i.embedder.EclipseLogger - Using 'UTF-8' encoding to copy filtered resources.
2024-09-15 06:33:03,352 [Worker-4: Building workspace] INFO  o.e.m.c.i.embedder.EclipseLogger - Using 'UTF-8' encoding to copy filtered properties files.
2024-09-15 06:33:03,352 [Worker-4: Building workspace] INFO  o.e.m.c.i.embedder.EclipseLogger - skip non existing resourceDirectory C:\Users\123\Desktop\his-server1 - 副本\src\test\resources
2024-09-15 06:33:31,782 [Worker-3: Updating Maven Project] INFO  o.e.m.c.i.p.ProjectConfigurationManager - Update started
2024-09-15 06:33:32,183 [Worker-3: Updating Maven Project] INFO  o.e.m.c.i.l.LifecycleMappingFactory - Using org.eclipse.m2e.jdt.JarLifecycleMapping lifecycle mapping for MavenProject: com.his:his-server:0.0.1-SNAPSHOT @ C:\Users\123\Desktop\his-server1 - 副本\pom.xml.
2024-09-15 06:33:32,425 [Worker-3: Updating Maven Project] WARN  o.e.m.c.i.embedder.EclipseLogger - The artifact org.slf4j:slf4j-log4j12:jar:1.7.36 has been relocated to org.slf4j:slf4j-reload4j:jar:1.7.36
2024-09-15 06:33:32,830 [Worker-3: Updating Maven Project] INFO  o.e.m.j.i.AbstractJavaProjectConfigurator - Adding source folder /his-server/src/main/java
2024-09-15 06:33:32,830 [Worker-3: Updating Maven Project] INFO  o.e.m.j.i.AbstractJavaProjectConfigurator - Adding resource folder /his-server/src/main/resources
2024-09-15 06:33:32,830 [Worker-3: Updating Maven Project] INFO  o.e.m.j.i.AbstractJavaProjectConfigurator - Adding resource folder /his-server/src/main/resources
2024-09-15 06:33:32,831 [Worker-3: Updating Maven Project] INFO  o.e.m.j.i.AbstractJavaProjectConfigurator - Adding source folder /his-server/src/test/java
2024-09-15 06:33:33,278 [Worker-3: Updating Maven Project] INFO  o.e.m.c.i.p.ProjectConfigurationManager - Update completed: 1 sec
2024-09-15 06:33:34,649 [Worker-9: Building workspace] WARN  o.e.m.c.i.embedder.EclipseLogger - The artifact org.slf4j:slf4j-log4j12:jar:1.7.36 has been relocated to org.slf4j:slf4j-reload4j:jar:1.7.36
2024-09-15 06:33:34,691 [Worker-9: Building workspace] INFO  o.e.m.c.i.embedder.EclipseLogger - Using 'UTF-8' encoding to copy filtered resources.
2024-09-15 06:33:34,691 [Worker-9: Building workspace] INFO  o.e.m.c.i.embedder.EclipseLogger - Using 'UTF-8' encoding to copy filtered properties files.
2024-09-15 06:33:34,692 [Worker-9: Building workspace] INFO  o.e.m.c.i.embedder.EclipseLogger - Copying 1 resource
2024-09-15 06:33:34,705 [Worker-9: Building workspace] INFO  o.e.m.c.i.embedder.EclipseLogger - Copying 2 resources
2024-09-15 06:33:34,713 [Worker-9: Building workspace] INFO  o.e.m.c.i.embedder.EclipseLogger - Using 'UTF-8' encoding to copy filtered resources.
2024-09-15 06:33:34,713 [Worker-9: Building workspace] INFO  o.e.m.c.i.embedder.EclipseLogger - Using 'UTF-8' encoding to copy filtered properties files.
2024-09-15 06:33:34,713 [Worker-9: Building workspace] INFO  o.e.m.c.i.embedder.EclipseLogger - skip non existing resourceDirectory C:\Users\123\Desktop\his-server1 - 副本\src\test\resources
2024-09-15 07:07:58,134 [Worker-38: Building workspace] INFO  o.e.m.c.i.embedder.EclipseLogger - Using 'UTF-8' encoding to copy filtered resources.
2024-09-15 07:07:58,134 [Worker-38: Building workspace] INFO  o.e.m.c.i.embedder.EclipseLogger - Using 'UTF-8' encoding to copy filtered properties files.
2024-09-15 07:07:58,134 [Worker-38: Building workspace] INFO  o.e.m.c.i.embedder.EclipseLogger - Copying 1 resource
2024-09-15 07:07:58,134 [Worker-38: Building workspace] INFO  o.e.m.c.i.embedder.EclipseLogger - Copying 2 resources
2024-09-15 07:07:58,149 [Worker-38: Building workspace] INFO  o.e.m.c.i.embedder.EclipseLogger - Using 'UTF-8' encoding to copy filtered resources.
2024-09-15 07:07:58,149 [Worker-38: Building workspace] INFO  o.e.m.c.i.embedder.EclipseLogger - Using 'UTF-8' encoding to copy filtered properties files.
2024-09-15 07:07:58,149 [Worker-38: Building workspace] INFO  o.e.m.c.i.embedder.EclipseLogger - skip non existing resourceDirectory C:\Users\123\Desktop\his-server1 - 副本\src\test\resources
2024-09-15 07:09:39,274 [Worker-38: Building workspace] INFO  o.e.m.c.i.embedder.EclipseLogger - Using 'UTF-8' encoding to copy filtered resources.
2024-09-15 07:09:39,274 [Worker-38: Building workspace] INFO  o.e.m.c.i.embedder.EclipseLogger - Using 'UTF-8' encoding to copy filtered properties files.
2024-09-15 07:09:39,274 [Worker-38: Building workspace] INFO  o.e.m.c.i.embedder.EclipseLogger - Copying 1 resource
2024-09-15 07:09:39,290 [Worker-38: Building workspace] INFO  o.e.m.c.i.embedder.EclipseLogger - Copying 2 resources
2024-09-15 07:09:39,290 [Worker-38: Building workspace] INFO  o.e.m.c.i.embedder.EclipseLogger - Using 'UTF-8' encoding to copy filtered resources.
2024-09-15 07:09:39,290 [Worker-38: Building workspace] INFO  o.e.m.c.i.embedder.EclipseLogger - Using 'UTF-8' encoding to copy filtered properties files.
2024-09-15 07:09:39,290 [Worker-38: Building workspace] INFO  o.e.m.c.i.embedder.EclipseLogger - skip non existing resourceDirectory C:\Users\123\Desktop\his-server1 - 副本\src\test\resources
2024-09-15 07:12:13,282 [Worker-38: Building workspace] INFO  o.e.m.c.i.embedder.EclipseLogger - Using 'UTF-8' encoding to copy filtered resources.
2024-09-15 07:12:13,282 [Worker-38: Building workspace] INFO  o.e.m.c.i.embedder.EclipseLogger - Using 'UTF-8' encoding to copy filtered properties files.
2024-09-15 07:12:13,283 [Worker-38: Building workspace] INFO  o.e.m.c.i.embedder.EclipseLogger - Copying 1 resource
2024-09-15 07:12:13,292 [Worker-38: Building workspace] INFO  o.e.m.c.i.embedder.EclipseLogger - Copying 0 resource
2024-09-15 07:12:13,294 [Worker-38: Building workspace] INFO  o.e.m.c.i.embedder.EclipseLogger - Using 'UTF-8' encoding to copy filtered resources.
2024-09-15 07:12:13,294 [Worker-38: Building workspace] INFO  o.e.m.c.i.embedder.EclipseLogger - Using 'UTF-8' encoding to copy filtered properties files.
2024-09-15 07:12:13,295 [Worker-38: Building workspace] INFO  o.e.m.c.i.embedder.EclipseLogger - skip non existing resourceDirectory C:\Users\123\Desktop\his-server1 - 副本\src\test\resources
2024-09-15 07:12:59,541 [Worker-41: Building workspace] INFO  o.e.m.c.i.embedder.EclipseLogger - Using 'UTF-8' encoding to copy filtered resources.
2024-09-15 07:12:59,541 [Worker-41: Building workspace] INFO  o.e.m.c.i.embedder.EclipseLogger - Using 'UTF-8' encoding to copy filtered properties files.
2024-09-15 07:12:59,541 [Worker-41: Building workspace] INFO  o.e.m.c.i.embedder.EclipseLogger - Copying 1 resource
2024-09-15 07:12:59,557 [Worker-41: Building workspace] INFO  o.e.m.c.i.embedder.EclipseLogger - Copying 2 resources
2024-09-15 07:12:59,557 [Worker-41: Building workspace] INFO  o.e.m.c.i.embedder.EclipseLogger - Using 'UTF-8' encoding to copy filtered resources.
2024-09-15 07:12:59,557 [Worker-41: Building workspace] INFO  o.e.m.c.i.embedder.EclipseLogger - Using 'UTF-8' encoding to copy filtered properties files.
2024-09-15 07:12:59,557 [Worker-41: Building workspace] INFO  o.e.m.c.i.embedder.EclipseLogger - skip non existing resourceDirectory C:\Users\123\Desktop\his-server1 - 副本\src\test\resources
2024-09-15 07:13:08,273 [Worker-33: Building workspace] INFO  o.e.m.c.i.embedder.EclipseLogger - Using 'UTF-8' encoding to copy filtered resources.
2024-09-15 07:13:08,273 [Worker-33: Building workspace] INFO  o.e.m.c.i.embedder.EclipseLogger - Using 'UTF-8' encoding to copy filtered properties files.
2024-09-15 07:13:08,273 [Worker-33: Building workspace] INFO  o.e.m.c.i.embedder.EclipseLogger - Copying 1 resource
2024-09-15 07:13:08,273 [Worker-33: Building workspace] INFO  o.e.m.c.i.embedder.EclipseLogger - Copying 2 resources
2024-09-15 07:13:08,289 [Worker-33: Building workspace] INFO  o.e.m.c.i.embedder.EclipseLogger - Using 'UTF-8' encoding to copy filtered resources.
2024-09-15 07:13:08,289 [Worker-33: Building workspace] INFO  o.e.m.c.i.embedder.EclipseLogger - Using 'UTF-8' encoding to copy filtered properties files.
2024-09-15 07:13:08,289 [Worker-33: Building workspace] INFO  o.e.m.c.i.embedder.EclipseLogger - skip non existing resourceDirectory C:\Users\123\Desktop\his-server1 - 副本\src\test\resources
2024-09-15 07:30:57,023 [Worker-38: Building workspace] INFO  o.e.m.c.i.embedder.EclipseLogger - Using 'UTF-8' encoding to copy filtered resources.
2024-09-15 07:30:57,023 [Worker-38: Building workspace] INFO  o.e.m.c.i.embedder.EclipseLogger - Using 'UTF-8' encoding to copy filtered properties files.
2024-09-15 07:30:57,023 [Worker-38: Building workspace] INFO  o.e.m.c.i.embedder.EclipseLogger - Copying 1 resource
2024-09-15 07:30:57,023 [Worker-38: Building workspace] INFO  o.e.m.c.i.embedder.EclipseLogger - Copying 2 resources
2024-09-15 07:30:57,023 [Worker-38: Building workspace] INFO  o.e.m.c.i.embedder.EclipseLogger - Using 'UTF-8' encoding to copy filtered resources.
2024-09-15 07:30:57,023 [Worker-38: Building workspace] INFO  o.e.m.c.i.embedder.EclipseLogger - Using 'UTF-8' encoding to copy filtered properties files.
2024-09-15 07:30:57,039 [Worker-38: Building workspace] INFO  o.e.m.c.i.embedder.EclipseLogger - skip non existing resourceDirectory C:\Users\123\Desktop\his-server1 - 副本\src\test\resources
2024-09-15 07:31:24,837 [Worker-39: Building workspace] INFO  o.e.m.c.i.embedder.EclipseLogger - Using 'UTF-8' encoding to copy filtered resources.
2024-09-15 07:31:24,852 [Worker-39: Building workspace] INFO  o.e.m.c.i.embedder.EclipseLogger - Using 'UTF-8' encoding to copy filtered properties files.
2024-09-15 07:31:24,852 [Worker-39: Building workspace] INFO  o.e.m.c.i.embedder.EclipseLogger - Copying 1 resource
2024-09-15 07:31:24,852 [Worker-39: Building workspace] INFO  o.e.m.c.i.embedder.EclipseLogger - Copying 0 resource
2024-09-15 07:31:24,852 [Worker-39: Building workspace] INFO  o.e.m.c.i.embedder.EclipseLogger - Using 'UTF-8' encoding to copy filtered resources.
2024-09-15 07:31:24,852 [Worker-39: Building workspace] INFO  o.e.m.c.i.embedder.EclipseLogger - Using 'UTF-8' encoding to copy filtered properties files.
2024-09-15 07:31:24,852 [Worker-39: Building workspace] INFO  o.e.m.c.i.embedder.EclipseLogger - skip non existing resourceDirectory C:\Users\123\Desktop\his-server1 - 副本\src\test\resources
2024-09-15 07:32:17,540 [Worker-40: Building workspace] INFO  o.e.m.c.i.embedder.EclipseLogger - Using 'UTF-8' encoding to copy filtered resources.
2024-09-15 07:32:17,540 [Worker-40: Building workspace] INFO  o.e.m.c.i.embedder.EclipseLogger - Using 'UTF-8' encoding to copy filtered properties files.
2024-09-15 07:32:17,540 [Worker-40: Building workspace] INFO  o.e.m.c.i.embedder.EclipseLogger - Copying 1 resource
2024-09-15 07:32:17,540 [Worker-40: Building workspace] INFO  o.e.m.c.i.embedder.EclipseLogger - Copying 0 resource
2024-09-15 07:32:17,540 [Worker-40: Building workspace] INFO  o.e.m.c.i.embedder.EclipseLogger - Using 'UTF-8' encoding to copy filtered resources.
2024-09-15 07:32:17,540 [Worker-40: Building workspace] INFO  o.e.m.c.i.embedder.EclipseLogger - Using 'UTF-8' encoding to copy filtered properties files.
2024-09-15 07:32:17,540 [Worker-40: Building workspace] INFO  o.e.m.c.i.embedder.EclipseLogger - skip non existing resourceDirectory C:\Users\123\Desktop\his-server1 - 副本\src\test\resources
